[Feb 20, 2021 4:05:21 PM] [SEVERE][tic-tac-toe-LoggerTest:60] java.lang.Exception: custom message 
[Feb 20, 2021 4:05:21 PM] [SEVERE][tic-tac-toe-LoggerTest:60] 	 io.github.teamdonut.proj.LoggerTest.testExceptionCause(LoggerTest.java:60) 
[Feb 20, 2021 4:05:21 PM] [SEVERE][tic-tac-toe-LoggerTest:60] 	 java.base/jdk.internal.reflect.NativeMethodAccessorImpl.invoke0(Native Method) 
[Feb 20, 2021 4:05:21 PM] [SEVERE][tic-tac-toe-LoggerTest:60] Caused by: java.lang.Exception: custom cause 
[Feb 20, 2021 4:05:21 PM] [SEVERE][tic-tac-toe-LoggerTest:60] 	 io.github.teamdonut.proj.LoggerTest.testExceptionCause(LoggerTest.java:60) 
[Feb 20, 2021 4:05:21 PM] [SEVERE][tic-tac-toe-LoggerTest:60] 	 java.base/jdk.internal.reflect.NativeMethodAccessorImpl.invoke0(Native Method) 
[Feb 20, 2021 4:05:21 PM] [INFO][tic-tac-toe-LoggerTest:36] this is a message 
[Feb 20, 2021 4:05:21 PM] [SEVERE][tic-tac-toe-LoggerTest:26] another message: java.lang.Exception: custom message 
[Feb 20, 2021 4:05:21 PM] [SEVERE][tic-tac-toe-LoggerTest:26] 	 io.github.teamdonut.proj.LoggerTest.testLogExceptionMessage(LoggerTest.java:26) 
[Feb 20, 2021 4:05:21 PM] [SEVERE][tic-tac-toe-LoggerTest:26] 	 java.base/jdk.internal.reflect.NativeMethodAccessorImpl.invoke0(Native Method) 
[Feb 20, 2021 4:05:21 PM] [SEVERE][tic-tac-toe-LoggerTest:16] java.lang.Exception: custom exception 
[Feb 20, 2021 4:05:21 PM] [SEVERE][tic-tac-toe-LoggerTest:16] 	 io.github.teamdonut.proj.LoggerTest.testLogException(LoggerTest.java:16) 
[Feb 20, 2021 4:05:21 PM] [SEVERE][tic-tac-toe-LoggerTest:16] 	 java.base/jdk.internal.reflect.NativeMethodAccessorImpl.invoke0(Native Method) 
[Feb 20, 2021 4:05:21 PM] [WARNING][tic-tac-toe-LoggerTest:52] test 1, 2, 3 
[Feb 20, 2021 4:05:21 PM] [INFO][tic-tac-toe-LoggerTest:44] test 1, 2, 3 
[Feb 20, 2021 4:05:26 PM] [SEVERE][tic-tac-toe-LoggerTest:60] java.lang.Exception: custom message 
[Feb 20, 2021 4:05:26 PM] [SEVERE][tic-tac-toe-LoggerTest:60] 	 io.github.teamdonut.proj.LoggerTest.testExceptionCause(LoggerTest.java:60) 
[Feb 20, 2021 4:05:26 PM] [SEVERE][tic-tac-toe-LoggerTest:60] 	 java.base/jdk.internal.reflect.NativeMethodAccessorImpl.invoke0(Native Method) 
[Feb 20, 2021 4:05:26 PM] [SEVERE][tic-tac-toe-LoggerTest:60] Caused by: java.lang.Exception: custom cause 
[Feb 20, 2021 4:05:26 PM] [SEVERE][tic-tac-toe-LoggerTest:60] 	 io.github.teamdonut.proj.LoggerTest.testExceptionCause(LoggerTest.java:60) 
[Feb 20, 2021 4:05:26 PM] [SEVERE][tic-tac-toe-LoggerTest:60] 	 java.base/jdk.internal.reflect.NativeMethodAccessorImpl.invoke0(Native Method) 
[Feb 20, 2021 4:05:26 PM] [INFO][tic-tac-toe-LoggerTest:36] this is a message 
[Feb 20, 2021 4:05:26 PM] [SEVERE][tic-tac-toe-LoggerTest:26] another message: java.lang.Exception: custom message 
[Feb 20, 2021 4:05:26 PM] [SEVERE][tic-tac-toe-LoggerTest:26] 	 io.github.teamdonut.proj.LoggerTest.testLogExceptionMessage(LoggerTest.java:26) 
[Feb 20, 2021 4:05:26 PM] [SEVERE][tic-tac-toe-LoggerTest:26] 	 java.base/jdk.internal.reflect.NativeMethodAccessorImpl.invoke0(Native Method) 
[Feb 20, 2021 4:05:26 PM] [SEVERE][tic-tac-toe-LoggerTest:16] java.lang.Exception: custom exception 
[Feb 20, 2021 4:05:26 PM] [SEVERE][tic-tac-toe-LoggerTest:16] 	 io.github.teamdonut.proj.LoggerTest.testLogException(LoggerTest.java:16) 
[Feb 20, 2021 4:05:26 PM] [SEVERE][tic-tac-toe-LoggerTest:16] 	 java.base/jdk.internal.reflect.NativeMethodAccessorImpl.invoke0(Native Method) 
[Feb 20, 2021 4:05:26 PM] [WARNING][tic-tac-toe-LoggerTest:52] test 1, 2, 3 
[Feb 20, 2021 4:05:26 PM] [INFO][tic-tac-toe-LoggerTest:44] test 1, 2, 3 
[Feb 20, 2021 4:05:49 PM] [SEVERE][tic-tac-toe-LoggerTest:60] java.lang.Exception: custom message 
[Feb 20, 2021 4:05:49 PM] [SEVERE][tic-tac-toe-LoggerTest:60] 	 io.github.teamdonut.proj.LoggerTest.testExceptionCause(LoggerTest.java:60) 
[Feb 20, 2021 4:05:49 PM] [SEVERE][tic-tac-toe-LoggerTest:60] 	 java.base/jdk.internal.reflect.NativeMethodAccessorImpl.invoke0(Native Method) 
[Feb 20, 2021 4:05:49 PM] [SEVERE][tic-tac-toe-LoggerTest:60] Caused by: java.lang.Exception: custom cause 
[Feb 20, 2021 4:05:49 PM] [SEVERE][tic-tac-toe-LoggerTest:60] 	 io.github.teamdonut.proj.LoggerTest.testExceptionCause(LoggerTest.java:60) 
[Feb 20, 2021 4:05:49 PM] [SEVERE][tic-tac-toe-LoggerTest:60] 	 java.base/jdk.internal.reflect.NativeMethodAccessorImpl.invoke0(Native Method) 
[Feb 20, 2021 4:05:49 PM] [INFO][tic-tac-toe-LoggerTest:36] this is a message 
[Feb 20, 2021 4:05:49 PM] [SEVERE][tic-tac-toe-LoggerTest:26] another message: java.lang.Exception: custom message 
[Feb 20, 2021 4:05:49 PM] [SEVERE][tic-tac-toe-LoggerTest:26] 	 io.github.teamdonut.proj.LoggerTest.testLogExceptionMessage(LoggerTest.java:26) 
[Feb 20, 2021 4:05:49 PM] [SEVERE][tic-tac-toe-LoggerTest:26] 	 java.base/jdk.internal.reflect.NativeMethodAccessorImpl.invoke0(Native Method) 
[Feb 20, 2021 4:05:49 PM] [SEVERE][tic-tac-toe-LoggerTest:16] java.lang.Exception: custom exception 
[Feb 20, 2021 4:05:49 PM] [SEVERE][tic-tac-toe-LoggerTest:16] 	 io.github.teamdonut.proj.LoggerTest.testLogException(LoggerTest.java:16) 
[Feb 20, 2021 4:05:49 PM] [SEVERE][tic-tac-toe-LoggerTest:16] 	 java.base/jdk.internal.reflect.NativeMethodAccessorImpl.invoke0(Native Method) 
[Feb 20, 2021 4:05:49 PM] [WARNING][tic-tac-toe-LoggerTest:52] test 1, 2, 3 
[Feb 20, 2021 4:05:49 PM] [INFO][tic-tac-toe-LoggerTest:44] test 1, 2, 3 
[Feb 20, 2021 4:06:45 PM] [SEVERE][tic-tac-toe-LoggerTest:60] java.lang.Exception: custom message 
[Feb 20, 2021 4:06:45 PM] [SEVERE][tic-tac-toe-LoggerTest:60] 	 io.github.teamdonut.proj.LoggerTest.testExceptionCause(LoggerTest.java:60) 
[Feb 20, 2021 4:06:45 PM] [SEVERE][tic-tac-toe-LoggerTest:60] 	 java.base/jdk.internal.reflect.NativeMethodAccessorImpl.invoke0(Native Method) 
[Feb 20, 2021 4:06:45 PM] [SEVERE][tic-tac-toe-LoggerTest:60] Caused by: java.lang.Exception: custom cause 
[Feb 20, 2021 4:06:45 PM] [SEVERE][tic-tac-toe-LoggerTest:60] 	 io.github.teamdonut.proj.LoggerTest.testExceptionCause(LoggerTest.java:60) 
[Feb 20, 2021 4:06:45 PM] [SEVERE][tic-tac-toe-LoggerTest:60] 	 java.base/jdk.internal.reflect.NativeMethodAccessorImpl.invoke0(Native Method) 
[Feb 20, 2021 4:06:45 PM] [INFO][tic-tac-toe-LoggerTest:36] this is a message 
[Feb 20, 2021 4:06:45 PM] [SEVERE][tic-tac-toe-LoggerTest:26] another message: java.lang.Exception: custom message 
[Feb 20, 2021 4:06:45 PM] [SEVERE][tic-tac-toe-LoggerTest:26] 	 io.github.teamdonut.proj.LoggerTest.testLogExceptionMessage(LoggerTest.java:26) 
[Feb 20, 2021 4:06:45 PM] [SEVERE][tic-tac-toe-LoggerTest:26] 	 java.base/jdk.internal.reflect.NativeMethodAccessorImpl.invoke0(Native Method) 
[Feb 20, 2021 4:06:45 PM] [SEVERE][tic-tac-toe-LoggerTest:16] java.lang.Exception: custom exception 
[Feb 20, 2021 4:06:45 PM] [SEVERE][tic-tac-toe-LoggerTest:16] 	 io.github.teamdonut.proj.LoggerTest.testLogException(LoggerTest.java:16) 
[Feb 20, 2021 4:06:45 PM] [SEVERE][tic-tac-toe-LoggerTest:16] 	 java.base/jdk.internal.reflect.NativeMethodAccessorImpl.invoke0(Native Method) 
[Feb 20, 2021 4:06:45 PM] [WARNING][tic-tac-toe-LoggerTest:52] test 1, 2, 3 
[Feb 20, 2021 4:06:45 PM] [INFO][tic-tac-toe-LoggerTest:44] test 1, 2, 3 
[Feb 20, 2021 4:07:04 PM] [SEVERE][tic-tac-toe-LoggerTest:60] java.lang.Exception: custom message 
[Feb 20, 2021 4:07:04 PM] [SEVERE][tic-tac-toe-LoggerTest:60] 	 io.github.teamdonut.proj.LoggerTest.testExceptionCause(LoggerTest.java:60) 
[Feb 20, 2021 4:07:04 PM] [SEVERE][tic-tac-toe-LoggerTest:60] 	 java.base/jdk.internal.reflect.NativeMethodAccessorImpl.invoke0(Native Method) 
[Feb 20, 2021 4:07:04 PM] [SEVERE][tic-tac-toe-LoggerTest:60] Caused by: java.lang.Exception: custom cause 
[Feb 20, 2021 4:07:04 PM] [SEVERE][tic-tac-toe-LoggerTest:60] 	 io.github.teamdonut.proj.LoggerTest.testExceptionCause(LoggerTest.java:60) 
[Feb 20, 2021 4:07:04 PM] [SEVERE][tic-tac-toe-LoggerTest:60] 	 java.base/jdk.internal.reflect.NativeMethodAccessorImpl.invoke0(Native Method) 
[Feb 20, 2021 4:07:04 PM] [INFO][tic-tac-toe-LoggerTest:36] this is a message 
[Feb 20, 2021 4:07:04 PM] [SEVERE][tic-tac-toe-LoggerTest:26] another message: java.lang.Exception: custom message 
[Feb 20, 2021 4:07:04 PM] [SEVERE][tic-tac-toe-LoggerTest:26] 	 io.github.teamdonut.proj.LoggerTest.testLogExceptionMessage(LoggerTest.java:26) 
[Feb 20, 2021 4:07:05 PM] [SEVERE][tic-tac-toe-LoggerTest:26] 	 java.base/jdk.internal.reflect.NativeMethodAccessorImpl.invoke0(Native Method) 
[Feb 20, 2021 4:07:05 PM] [SEVERE][tic-tac-toe-LoggerTest:16] java.lang.Exception: custom exception 
[Feb 20, 2021 4:07:05 PM] [SEVERE][tic-tac-toe-LoggerTest:16] 	 io.github.teamdonut.proj.LoggerTest.testLogException(LoggerTest.java:16) 
[Feb 20, 2021 4:07:05 PM] [SEVERE][tic-tac-toe-LoggerTest:16] 	 java.base/jdk.internal.reflect.NativeMethodAccessorImpl.invoke0(Native Method) 
[Feb 20, 2021 4:07:05 PM] [WARNING][tic-tac-toe-LoggerTest:52] test 1, 2, 3 
[Feb 20, 2021 4:07:05 PM] [INFO][tic-tac-toe-LoggerTest:44] test 1, 2, 3 
[Feb 20, 2021 4:07:22 PM] [SEVERE][tic-tac-toe-LoggerTest:60] java.lang.Exception: custom message 
[Feb 20, 2021 4:07:22 PM] [SEVERE][tic-tac-toe-LoggerTest:60] 	 io.github.teamdonut.proj.LoggerTest.testExceptionCause(LoggerTest.java:60) 
[Feb 20, 2021 4:07:22 PM] [SEVERE][tic-tac-toe-LoggerTest:60] 	 java.base/jdk.internal.reflect.NativeMethodAccessorImpl.invoke0(Native Method) 
[Feb 20, 2021 4:07:22 PM] [SEVERE][tic-tac-toe-LoggerTest:60] Caused by: java.lang.Exception: custom cause 
[Feb 20, 2021 4:07:22 PM] [SEVERE][tic-tac-toe-LoggerTest:60] 	 io.github.teamdonut.proj.LoggerTest.testExceptionCause(LoggerTest.java:60) 
[Feb 20, 2021 4:07:22 PM] [SEVERE][tic-tac-toe-LoggerTest:60] 	 java.base/jdk.internal.reflect.NativeMethodAccessorImpl.invoke0(Native Method) 
[Feb 20, 2021 4:07:22 PM] [INFO][tic-tac-toe-LoggerTest:36] this is a message 
[Feb 20, 2021 4:07:22 PM] [SEVERE][tic-tac-toe-LoggerTest:26] another message: java.lang.Exception: custom message 
[Feb 20, 2021 4:07:22 PM] [SEVERE][tic-tac-toe-LoggerTest:26] 	 io.github.teamdonut.proj.LoggerTest.testLogExceptionMessage(LoggerTest.java:26) 
[Feb 20, 2021 4:07:22 PM] [SEVERE][tic-tac-toe-LoggerTest:26] 	 java.base/jdk.internal.reflect.NativeMethodAccessorImpl.invoke0(Native Method) 
[Feb 20, 2021 4:07:22 PM] [SEVERE][tic-tac-toe-LoggerTest:16] java.lang.Exception: custom exception 
[Feb 20, 2021 4:07:22 PM] [SEVERE][tic-tac-toe-LoggerTest:16] 	 io.github.teamdonut.proj.LoggerTest.testLogException(LoggerTest.java:16) 
[Feb 20, 2021 4:07:22 PM] [SEVERE][tic-tac-toe-LoggerTest:16] 	 java.base/jdk.internal.reflect.NativeMethodAccessorImpl.invoke0(Native Method) 
[Feb 20, 2021 4:07:22 PM] [WARNING][tic-tac-toe-LoggerTest:52] test 1, 2, 3 
[Feb 20, 2021 4:07:22 PM] [INFO][tic-tac-toe-LoggerTest:44] test 1, 2, 3 
[Feb 20, 2021 4:07:33 PM] [SEVERE][tic-tac-toe-LoggerTest:60] java.lang.Exception: custom message 
[Feb 20, 2021 4:07:33 PM] [SEVERE][tic-tac-toe-LoggerTest:60] 	 io.github.teamdonut.proj.LoggerTest.testExceptionCause(LoggerTest.java:60) 
[Feb 20, 2021 4:07:33 PM] [SEVERE][tic-tac-toe-LoggerTest:60] 	 java.base/jdk.internal.reflect.NativeMethodAccessorImpl.invoke0(Native Method) 
[Feb 20, 2021 4:07:33 PM] [SEVERE][tic-tac-toe-LoggerTest:60] Caused by: java.lang.Exception: custom cause 
[Feb 20, 2021 4:07:33 PM] [SEVERE][tic-tac-toe-LoggerTest:60] 	 io.github.teamdonut.proj.LoggerTest.testExceptionCause(LoggerTest.java:60) 
[Feb 20, 2021 4:07:33 PM] [SEVERE][tic-tac-toe-LoggerTest:60] 	 java.base/jdk.internal.reflect.NativeMethodAccessorImpl.invoke0(Native Method) 
[Feb 20, 2021 4:07:33 PM] [INFO][tic-tac-toe-LoggerTest:36] this is a message 
[Feb 20, 2021 4:07:33 PM] [SEVERE][tic-tac-toe-LoggerTest:26] another message: java.lang.Exception: custom message 
[Feb 20, 2021 4:07:33 PM] [SEVERE][tic-tac-toe-LoggerTest:26] 	 io.github.teamdonut.proj.LoggerTest.testLogExceptionMessage(LoggerTest.java:26) 
[Feb 20, 2021 4:07:33 PM] [SEVERE][tic-tac-toe-LoggerTest:26] 	 java.base/jdk.internal.reflect.NativeMethodAccessorImpl.invoke0(Native Method) 
[Feb 20, 2021 4:07:33 PM] [SEVERE][tic-tac-toe-LoggerTest:16] java.lang.Exception: custom exception 
[Feb 20, 2021 4:07:33 PM] [SEVERE][tic-tac-toe-LoggerTest:16] 	 io.github.teamdonut.proj.LoggerTest.testLogException(LoggerTest.java:16) 
[Feb 20, 2021 4:07:33 PM] [SEVERE][tic-tac-toe-LoggerTest:16] 	 java.base/jdk.internal.reflect.NativeMethodAccessorImpl.invoke0(Native Method) 
[Feb 20, 2021 4:07:33 PM] [WARNING][tic-tac-toe-LoggerTest:52] test 1, 2, 3 
[Feb 20, 2021 4:07:33 PM] [INFO][tic-tac-toe-LoggerTest:44] test 1, 2, 3 
[Feb 20, 2021 4:08:12 PM] [SEVERE][tic-tac-toe-LoggerTest:60] java.lang.Exception: custom message 
[Feb 20, 2021 4:08:12 PM] [SEVERE][tic-tac-toe-LoggerTest:60] 	 io.github.teamdonut.proj.LoggerTest.testExceptionCause(LoggerTest.java:60) 
[Feb 20, 2021 4:08:12 PM] [SEVERE][tic-tac-toe-LoggerTest:60] 	 java.base/jdk.internal.reflect.NativeMethodAccessorImpl.invoke0(Native Method) 
[Feb 20, 2021 4:08:12 PM] [SEVERE][tic-tac-toe-LoggerTest:60] Caused by: java.lang.Exception: custom cause 
[Feb 20, 2021 4:08:12 PM] [SEVERE][tic-tac-toe-LoggerTest:60] 	 io.github.teamdonut.proj.LoggerTest.testExceptionCause(LoggerTest.java:60) 
[Feb 20, 2021 4:08:12 PM] [SEVERE][tic-tac-toe-LoggerTest:60] 	 java.base/jdk.internal.reflect.NativeMethodAccessorImpl.invoke0(Native Method) 
[Feb 20, 2021 4:08:12 PM] [INFO][tic-tac-toe-LoggerTest:36] this is a message 
[Feb 20, 2021 4:08:12 PM] [SEVERE][tic-tac-toe-LoggerTest:26] another message: java.lang.Exception: custom message 
[Feb 20, 2021 4:08:12 PM] [SEVERE][tic-tac-toe-LoggerTest:26] 	 io.github.teamdonut.proj.LoggerTest.testLogExceptionMessage(LoggerTest.java:26) 
[Feb 20, 2021 4:08:12 PM] [SEVERE][tic-tac-toe-LoggerTest:26] 	 java.base/jdk.internal.reflect.NativeMethodAccessorImpl.invoke0(Native Method) 
[Feb 20, 2021 4:08:12 PM] [SEVERE][tic-tac-toe-LoggerTest:16] java.lang.Exception: custom exception 
[Feb 20, 2021 4:08:12 PM] [SEVERE][tic-tac-toe-LoggerTest:16] 	 io.github.teamdonut.proj.LoggerTest.testLogException(LoggerTest.java:16) 
[Feb 20, 2021 4:08:12 PM] [SEVERE][tic-tac-toe-LoggerTest:16] 	 java.base/jdk.internal.reflect.NativeMethodAccessorImpl.invoke0(Native Method) 
[Feb 20, 2021 4:08:12 PM] [WARNING][tic-tac-toe-LoggerTest:52] test 1, 2, 3 
[Feb 20, 2021 4:08:12 PM] [INFO][tic-tac-toe-LoggerTest:44] test 1, 2, 3 
[Feb 20, 2021 4:08:33 PM] [SEVERE][tic-tac-toe-LoggerTest:60] java.lang.Exception: custom message 
[Feb 20, 2021 4:08:33 PM] [SEVERE][tic-tac-toe-LoggerTest:60] 	 io.github.teamdonut.proj.LoggerTest.testExceptionCause(LoggerTest.java:60) 
[Feb 20, 2021 4:08:33 PM] [SEVERE][tic-tac-toe-LoggerTest:60] 	 java.base/jdk.internal.reflect.NativeMethodAccessorImpl.invoke0(Native Method) 
[Feb 20, 2021 4:08:33 PM] [SEVERE][tic-tac-toe-LoggerTest:60] Caused by: java.lang.Exception: custom cause 
[Feb 20, 2021 4:08:33 PM] [SEVERE][tic-tac-toe-LoggerTest:60] 	 io.github.teamdonut.proj.LoggerTest.testExceptionCause(LoggerTest.java:60) 
[Feb 20, 2021 4:08:33 PM] [SEVERE][tic-tac-toe-LoggerTest:60] 	 java.base/jdk.internal.reflect.NativeMethodAccessorImpl.invoke0(Native Method) 
[Feb 20, 2021 4:08:33 PM] [INFO][tic-tac-toe-LoggerTest:36] this is a message 
[Feb 20, 2021 4:08:34 PM] [SEVERE][tic-tac-toe-LoggerTest:26] another message: java.lang.Exception: custom message 
[Feb 20, 2021 4:08:34 PM] [SEVERE][tic-tac-toe-LoggerTest:26] 	 io.github.teamdonut.proj.LoggerTest.testLogExceptionMessage(LoggerTest.java:26) 
[Feb 20, 2021 4:08:34 PM] [SEVERE][tic-tac-toe-LoggerTest:26] 	 java.base/jdk.internal.reflect.NativeMethodAccessorImpl.invoke0(Native Method) 
[Feb 20, 2021 4:08:34 PM] [SEVERE][tic-tac-toe-LoggerTest:16] java.lang.Exception: custom exception 
[Feb 20, 2021 4:08:34 PM] [SEVERE][tic-tac-toe-LoggerTest:16] 	 io.github.teamdonut.proj.LoggerTest.testLogException(LoggerTest.java:16) 
[Feb 20, 2021 4:08:34 PM] [SEVERE][tic-tac-toe-LoggerTest:16] 	 java.base/jdk.internal.reflect.NativeMethodAccessorImpl.invoke0(Native Method) 
[Feb 20, 2021 4:08:34 PM] [WARNING][tic-tac-toe-LoggerTest:52] test 1, 2, 3 
[Feb 20, 2021 4:08:34 PM] [INFO][tic-tac-toe-LoggerTest:44] test 1, 2, 3 
[Feb 20, 2021 5:48:45 PM] [SEVERE][tic-tac-toe-LoggerTest:60] java.lang.Exception: custom message 
[Feb 20, 2021 5:48:45 PM] [SEVERE][tic-tac-toe-LoggerTest:60] 	 io.github.teamdonut.proj.LoggerTest.testExceptionCause(LoggerTest.java:60) 
[Feb 20, 2021 5:48:45 PM] [SEVERE][tic-tac-toe-LoggerTest:60] 	 java.base/jdk.internal.reflect.NativeMethodAccessorImpl.invoke0(Native Method) 
[Feb 20, 2021 5:48:45 PM] [SEVERE][tic-tac-toe-LoggerTest:60] Caused by: java.lang.Exception: custom cause 
[Feb 20, 2021 5:48:45 PM] [SEVERE][tic-tac-toe-LoggerTest:60] 	 io.github.teamdonut.proj.LoggerTest.testExceptionCause(LoggerTest.java:60) 
[Feb 20, 2021 5:48:45 PM] [SEVERE][tic-tac-toe-LoggerTest:60] 	 java.base/jdk.internal.reflect.NativeMethodAccessorImpl.invoke0(Native Method) 
[Feb 20, 2021 5:48:45 PM] [INFO][tic-tac-toe-LoggerTest:36] this is a message 
[Feb 20, 2021 5:48:45 PM] [SEVERE][tic-tac-toe-LoggerTest:26] another message: java.lang.Exception: custom message 
[Feb 20, 2021 5:48:45 PM] [SEVERE][tic-tac-toe-LoggerTest:26] 	 io.github.teamdonut.proj.LoggerTest.testLogExceptionMessage(LoggerTest.java:26) 
[Feb 20, 2021 5:48:45 PM] [SEVERE][tic-tac-toe-LoggerTest:26] 	 java.base/jdk.internal.reflect.NativeMethodAccessorImpl.invoke0(Native Method) 
[Feb 20, 2021 5:48:45 PM] [SEVERE][tic-tac-toe-LoggerTest:16] java.lang.Exception: custom exception 
[Feb 20, 2021 5:48:45 PM] [SEVERE][tic-tac-toe-LoggerTest:16] 	 io.github.teamdonut.proj.LoggerTest.testLogException(LoggerTest.java:16) 
[Feb 20, 2021 5:48:45 PM] [SEVERE][tic-tac-toe-LoggerTest:16] 	 java.base/jdk.internal.reflect.NativeMethodAccessorImpl.invoke0(Native Method) 
[Feb 20, 2021 5:48:45 PM] [WARNING][tic-tac-toe-LoggerTest:52] test 1, 2, 3 
[Feb 20, 2021 5:48:45 PM] [INFO][tic-tac-toe-LoggerTest:44] test 1, 2, 3 
